mktextfm Times
mktextfm Times
mktextfm Times
mktextfm Times/BI
mktextfm Times
mktextfm Times/B
mktextfm Times
mktextfm Times/I
mktextfm Times
mktextfm Times
mktextfm Times
mktextfm Helvetica
mktextfm Helvetica
mktextfm Helvetica
mktextfm Helvetica/BI
mktextfm Helvetica
mktextfm Helvetica/B
mktextfm Helvetica
mktextfm Helvetica/I
mktextfm Helvetica
mktextfm Helvetica
mktextfm Times
mktextfm Courier
mktextfm Courier
mktextfm Courier
mktextfm Courier/BI
mktextfm Courier
mktextfm Courier/B
mktextfm Courier
mktextfm Courier/I
mktextfm Courier
mktextfm Courier
mktextfm Times
mktextfm Times
mktextfm Times
mktextfm Times
mktextfm Times
mktextfm Times
mktextfm Times
mktextfm Times
mktextfm Times
mktextfm Times
mktextfm Times
mktextfm Times
mktextfm Times
mktextfm Times
mktextfm Times
mktextfm Times
mktextfm Times
mktextfm Times
mktextfm Times
mktextfm Times/BI
mktextfm Times
mktextfm Times/B
mktextfm Times
mktextfm Times/I
mktextfm Times
mktextfm Times
mktextfm Times
mktextfm Helvetica
mktextfm Helvetica
mktextfm Helvetica
mktextfm Helvetica/BI
mktextfm Helvetica
mktextfm Helvetica/B
mktextfm Helvetica
mktextfm Helvetica/I
mktextfm Helvetica
mktextfm Helvetica
mktextfm Times
mktextfm Courier
mktextfm Courier
mktextfm Courier
mktextfm Courier/BI
mktextfm Courier
mktextfm Courier/B
mktextfm Courier
mktextfm Courier/I
mktextfm Courier
mktextfm Courier
mktextfm Times
mktextfm Times
mktextfm Times
mktextfm Times
mktextfm Times
mktextfm Times
mktextfm Times
mktextfm Times
mktextfm Times
mktextfm Times
mktextfm Times
mktextfm Times
mktextfm Times
mktextfm Times
mktextfm Times
mktextfm Times
mktextfm Times
mktextfm Times
mktextfm Times
mktextfm Times/BI
mktextfm Times
mktextfm Times/B
mktextfm Times
mktextfm Times/I
mktextfm Times
mktextfm Times
mktextfm Times
mktextfm Helvetica
mktextfm Helvetica
mktextfm Helvetica
mktextfm Helvetica/BI
mktextfm Helvetica
mktextfm Helvetica/B
mktextfm Helvetica
mktextfm Helvetica/I
mktextfm Helvetica
mktextfm Helvetica
mktextfm Times
mktextfm Courier
mktextfm Courier
mktextfm Courier
mktextfm Courier/BI
mktextfm Courier
mktextfm Courier/B
mktextfm Courier
mktextfm Courier/I
mktextfm Courier
mktextfm Courier
mktextfm Times
mktextfm Times
mktextfm Times
mktextfm Times
mktextfm Times
mktextfm Times
mktextfm Times
mktextfm Times
mktextfm Times
mktextfm Times
mktextfm Times
mktextfm Times
mktextfm Times
mktextfm Times
mktextfm Times
mktextfm Times
mktextfm SimSun/OT
mktextfm SimSun/OT
mktextfm KaiTi/OT
mktextfm KaiTi/B/OT
mktextfm SimHei/OT
mktextfm SimHei/I/OT
mktextfm SimSun/OT
mktextfm SimSun/BI/OT
mktextfm SimSun/OT
mktextfm SimSun/OT
mktextfm SimHei/OT
mktextfm SimHei/OT
mktextfm KaiTi/OT
mktextfm KaiTi/OT
mktextfm SimSun/OT
mktextfm SimSun/OT
mktextfm SimSun/OT
mktextfm SimSun/BI/OT
mktextfm SimSun/OT
mktextfm SimSun/B/OT
mktextfm SimSun/OT
mktextfm SimSun/I/OT
mktextfm SimSun/OT
mktextfm SimSun/OT
mktextfm SimSun/OT
mktextfm KaiTi/OT
mktextfm KaiTi/OT
mktextfm KaiTi/OT
mktextfm KaiTi/BI/OT
mktextfm KaiTi/OT
mktextfm KaiTi/B/OT
mktextfm KaiTi/OT
mktextfm KaiTi/I/OT
mktextfm KaiTi/OT
mktextfm KaiTi/OT
mktextfm KaiTi/OT
mktextfm KaiTi/OT
mktextfm KaiTi/OT
